[ 2013-08-07T07:46:36+08:00 ] SQL: SHOW COLUMNS FROM `jh_user` [ RunTime:0.033100s ]
[ 2013-08-07T07:46:36+08:00 ] SQL: SELECT * FROM `jh_user` WHERE ( `account` = 'admin' ) AND ( `status` > 0 ) LIMIT 1  [ RunTime:0.016282s ]
[ 2013-08-07T07:46:36+08:00 ] NOTIC: [2048] Declaration of CommonModel::_before_write() should be compatible with that of Model::_before_write() CommonModel.class.php 第 2 行.
[ 2013-08-07T07:46:36+08:00 ] SQL: SHOW COLUMNS FROM `jh_user` [ RunTime:0.015828s ]
[ 2013-08-07T07:46:36+08:00 ] NOTIC: [8] Undefined index: HTTP_CLIENT_IP extend.php 第 26 行.
[ 2013-08-07T07:46:36+08:00 ] NOTIC: [8] Undefined index: HTTP_CLIENTIP extend.php 第 28 行.
[ 2013-08-07T07:46:36+08:00 ] NOTIC: [8] Undefined index: HTTP_X_FORWARDED_FOR extend.php 第 30 行.
[ 2013-08-07T07:46:36+08:00 ] NOTIC: [8192] Function ereg_replace() is deprecated function.php 第 736 行.
[ 2013-08-07T07:46:36+08:00 ] SQL: UPDATE `jh_user` SET `last_login_time`=1375832796,`login_count`=login_count+1,`last_login_ip`=null WHERE ( `id` = '1' ) [ RunTime:0.000227s ]
[ 2013-08-07T07:46:40+08:00 ] NOTIC: [2048] Declaration of CommonModel::_before_write() should be compatible with that of Model::_before_write() CommonModel.class.php 第 2 行.
[ 2013-08-07T07:46:40+08:00 ] SQL: SHOW COLUMNS FROM `jh_groups_nav` [ RunTime:0.190695s ]
[ 2013-08-07T07:46:41+08:00 ] SQL: SELECT * FROM `jh_groups_nav` WHERE status=1 ORDER BY sort [ RunTime:0.047592s ]
[ 2013-08-07T07:46:41+08:00 ] SQL: SHOW COLUMNS FROM `jh_group` [ RunTime:0.215603s ]
[ 2013-08-07T07:46:41+08:00 ] SQL: SELECT * FROM `jh_group` WHERE status=1 and groups_nav_id=5 ORDER BY sort [ RunTime:0.001892s ]
[ 2013-08-07T07:46:41+08:00 ] SQL: SHOW COLUMNS FROM `jh_node` [ RunTime:0.209526s ]
[ 2013-08-07T07:46:41+08:00 ] SQL: SELECT `id` FROM `jh_node` LIMIT 1  [ RunTime:0.000173s ]
[ 2013-08-07T07:46:41+08:00 ] SQL: SELECT id,name,group_id,title FROM `jh_node` WHERE ( `level` = 2 ) AND ( `status` = 1 ) AND ( `pid` = '1' ) AND ( `group_id` = '13' ) ORDER BY sort desc [ RunTime:0.016674s ]
[ 2013-08-07T07:46:41+08:00 ] NOTIC: [8] Undefined index: _ACCESS_LIST IndexAction.class.php 第 29 行.
[ 2013-08-07T07:46:41+08:00 ] SQL: SELECT `id` FROM `jh_node` LIMIT 1  [ RunTime:0.000161s ]
[ 2013-08-07T07:46:41+08:00 ] SQL: SELECT id,name,group_id,title FROM `jh_node` WHERE ( `level` = 2 ) AND ( `status` = 1 ) AND ( `pid` = '1' ) AND ( `group_id` = '14' ) ORDER BY sort desc [ RunTime:0.000581s ]
[ 2013-08-07T07:46:41+08:00 ] NOTIC: [8] Undefined index: _ACCESS_LIST IndexAction.class.php 第 29 行.
[ 2013-08-07T07:46:41+08:00 ] SQL: SELECT `id` FROM `jh_node` LIMIT 1  [ RunTime:0.000115s ]
[ 2013-08-07T07:46:41+08:00 ] SQL: SELECT id,name,group_id,title FROM `jh_node` WHERE ( `level` = 2 ) AND ( `status` = 1 ) AND ( `pid` = '1' ) AND ( `group_id` = '21' ) ORDER BY sort desc [ RunTime:0.000345s ]
[ 2013-08-07T07:46:41+08:00 ] NOTIC: [8] Undefined index: _ACCESS_LIST IndexAction.class.php 第 29 行.
[ 2013-08-07T07:46:41+08:00 ] SQL: SELECT `id` FROM `jh_node` LIMIT 1  [ RunTime:0.000124s ]
[ 2013-08-07T07:46:41+08:00 ] SQL: SELECT id,name,group_id,title FROM `jh_node` WHERE ( `level` = 2 ) AND ( `status` = 1 ) AND ( `pid` = '1' ) AND ( `group_id` = '20' ) ORDER BY sort desc [ RunTime:0.000374s ]
[ 2013-08-07T07:46:41+08:00 ] NOTIC: [8] Undefined index: _ACCESS_LIST IndexAction.class.php 第 29 行.
[ 2013-08-07T07:46:41+08:00 ] SQL: SHOW COLUMNS FROM `jh_complaint` [ RunTime:0.173526s ]
[ 2013-08-07T07:46:41+08:00 ] SQL: SELECT COUNT(*) AS tp_count FROM `jh_complaint` WHERE ( `status` = 0 ) LIMIT 1  [ RunTime:0.000196s ]
[ 2013-08-07T07:46:42+08:00 ] SQL: SHOW COLUMNS FROM `jh_goods` [ RunTime:0.401132s ]
[ 2013-08-07T07:46:42+08:00 ] SQL: SELECT COUNT(*) AS tp_count FROM `jh_goods` WHERE ( `audit` = 1 ) LIMIT 1  [ RunTime:0.000241s ]
[ 2013-08-07T07:46:42+08:00 ] SQL: SHOW COLUMNS FROM `jh_withdraw` [ RunTime:0.455204s ]
[ 2013-08-07T07:46:42+08:00 ] SQL: SELECT COUNT(*) AS tp_count FROM `jh_withdraw` WHERE ( `status` = 0 ) LIMIT 1  [ RunTime:0.000143s ]
[ 2013-08-07T07:46:42+08:00 ] SQL: SHOW COLUMNS FROM `jh_order_details` [ RunTime:0.107357s ]
[ 2013-08-07T07:46:42+08:00 ] SQL: SELECT COUNT(*) AS tp_count FROM `jh_order_details` WHERE ( `refund_state` = 1 ) LIMIT 1  [ RunTime:0.000187s ]
